C:\WORK\COOKBOOK\11_17\DEBUG\11_17.OBJ
C:\WORK\COOKBOOK\11_17\DEBUG\VC110.PDB
C:\WORK\COOKBOOK\DEBUG\11_17.ILK
C:\WORK\COOKBOOK\DEBUG\11_17.EXE
C:\WORK\COOKBOOK\DEBUG\11_17.PDB
C:\work\CookBook\11_17\Debug\11_17.obj
C:\work\CookBook\11_17\Debug\cl.command.1.tlog
C:\work\CookBook\11_17\Debug\CL.read.1.tlog
C:\work\CookBook\11_17\Debug\CL.write.1.tlog
C:\work\CookBook\11_17\Debug\link-cvtres.read.1.tlog
C:\work\CookBook\11_17\Debug\link-cvtres.write.1.tlog
C:\work\CookBook\11_17\Debug\link-rc.read.1.tlog
C:\work\CookBook\11_17\Debug\link-rc.write.1.tlog
C:\work\CookBook\11_17\Debug\link.command.1.tlog
C:\work\CookBook\11_17\Debug\link.read.1.tlog
C:\work\CookBook\11_17\Debug\link.write.1.tlog
C:\work\CookBook\11_17\Debug\vc110.idb
C:\work\CookBook\11_17\Debug\vc110.pdb
C:\work\CookBook\Debug\11_17.pdb
C:\work\CookBook\Debug\11_17.exe
C:\work\CookBook\Debug\11_17.ilk
