C:\WORK\COOKBOOK\16_15\DEBUG\VC110.PDB
C:\WORK\COOKBOOK\16_15\DEBUG\16_15.OBJ
C:\WORK\COOKBOOK\DEBUG\16_15.ILK
C:\WORK\COOKBOOK\DEBUG\16_15.EXE
C:\WORK\COOKBOOK\DEBUG\16_15.PDB
C:\work\CookBook\15_15\Debug\16_15.obj
C:\work\CookBook\15_15\Debug\cl.command.1.tlog
C:\work\CookBook\15_15\Debug\CL.read.1.tlog
C:\work\CookBook\15_15\Debug\CL.write.1.tlog
C:\work\CookBook\15_15\Debug\link-cvtres.read.1.tlog
C:\work\CookBook\15_15\Debug\link-cvtres.write.1.tlog
C:\work\CookBook\15_15\Debug\link-rc.read.1.tlog
C:\work\CookBook\15_15\Debug\link-rc.write.1.tlog
C:\work\CookBook\15_15\Debug\link.1720-cvtres.read.1.tlog
C:\work\CookBook\15_15\Debug\link.1720-cvtres.write.1.tlog
C:\work\CookBook\15_15\Debug\link.1720-rc.read.1.tlog
C:\work\CookBook\15_15\Debug\link.1720-rc.write.1.tlog
C:\work\CookBook\15_15\Debug\link.1720.read.1.tlog
C:\work\CookBook\15_15\Debug\link.1720.write.1.tlog
C:\work\CookBook\15_15\Debug\link.1872-cvtres.read.1.tlog
C:\work\CookBook\15_15\Debug\link.1872-cvtres.write.1.tlog
C:\work\CookBook\15_15\Debug\link.1872-rc.read.1.tlog
C:\work\CookBook\15_15\Debug\link.1872-rc.write.1.tlog
C:\work\CookBook\15_15\Debug\link.1872.read.1.tlog
C:\work\CookBook\15_15\Debug\link.1872.write.1.tlog
C:\work\CookBook\15_15\Debug\link.3924-cvtres.read.1.tlog
C:\work\CookBook\15_15\Debug\link.3924-cvtres.write.1.tlog
C:\work\CookBook\15_15\Debug\link.3924-rc.read.1.tlog
C:\work\CookBook\15_15\Debug\link.3924-rc.write.1.tlog
C:\work\CookBook\15_15\Debug\link.3924.read.1.tlog
C:\work\CookBook\15_15\Debug\link.3924.write.1.tlog
C:\work\CookBook\15_15\Debug\link.6136-cvtres.read.1.tlog
C:\work\CookBook\15_15\Debug\link.6136-cvtres.write.1.tlog
C:\work\CookBook\15_15\Debug\link.6136-rc.read.1.tlog
C:\work\CookBook\15_15\Debug\link.6136-rc.write.1.tlog
C:\work\CookBook\15_15\Debug\link.6136.read.1.tlog
C:\work\CookBook\15_15\Debug\link.6136.write.1.tlog
C:\work\CookBook\15_15\Debug\link.command.1.tlog
C:\work\CookBook\15_15\Debug\link.read.1.tlog
C:\work\CookBook\15_15\Debug\link.write.1.tlog
C:\work\CookBook\15_15\Debug\vc110.idb
