C:\WORK\COOKBOOK\1_2\DEBUG\1_2.OBJ
C:\WORK\COOKBOOK\1_2\DEBUG\VC110.PDB
C:\WORK\COOKBOOK\DEBUG\1_2.ILK
C:\WORK\COOKBOOK\DEBUG\1_2.EXE
C:\WORK\COOKBOOK\DEBUG\1_2.PDB
C:\work\CookBook\1_2\Debug\1_2.obj
C:\work\CookBook\1_2\Debug\cl.command.1.tlog
C:\work\CookBook\1_2\Debug\CL.read.1.tlog
C:\work\CookBook\1_2\Debug\CL.write.1.tlog
C:\work\CookBook\1_2\Debug\link-cvtres.read.1.tlog
C:\work\CookBook\1_2\Debug\link-cvtres.write.1.tlog
C:\work\CookBook\1_2\Debug\link-rc.read.1.tlog
C:\work\CookBook\1_2\Debug\link-rc.write.1.tlog
C:\work\CookBook\1_2\Debug\link.command.1.tlog
C:\work\CookBook\1_2\Debug\link.read.1.tlog
C:\work\CookBook\1_2\Debug\link.write.1.tlog
C:\work\CookBook\1_2\Debug\vc110.idb
C:\work\CookBook\1_2\Debug\vc110.pdb
C:\work\CookBook\Debug\1_2.pdb
C:\work\CookBook\Debug\1_2.exe
C:\work\CookBook\Debug\1_2.ilk
