C:\WORK\COOKBOOK\10_06\DEBUG\10_06.OBJ
C:\WORK\COOKBOOK\10_06\DEBUG\VC110.PDB
C:\WORK\COOKBOOK\DEBUG\10_06.ILK
C:\WORK\COOKBOOK\DEBUG\10_06.EXE
C:\WORK\COOKBOOK\DEBUG\10_06.PDB
C:\work\CookBook\10_06\Debug\10_06.obj
C:\work\CookBook\10_06\Debug\cl.command.1.tlog
C:\work\CookBook\10_06\Debug\CL.read.1.tlog
C:\work\CookBook\10_06\Debug\CL.write.1.tlog
C:\work\CookBook\10_06\Debug\link-cvtres.read.1.tlog
C:\work\CookBook\10_06\Debug\link-cvtres.write.1.tlog
C:\work\CookBook\10_06\Debug\link-rc.read.1.tlog
C:\work\CookBook\10_06\Debug\link-rc.write.1.tlog
C:\work\CookBook\10_06\Debug\link.command.1.tlog
C:\work\CookBook\10_06\Debug\link.read.1.tlog
C:\work\CookBook\10_06\Debug\link.write.1.tlog
C:\work\CookBook\10_06\Debug\vc110.idb
C:\work\CookBook\10_06\Debug\vc110.pdb
C:\work\CookBook\Debug\10_06.pdb
C:\work\CookBook\Debug\10_06.exe
C:\work\CookBook\Debug\10_06.ilk
