C:\WORK\COOKBOOK\10_08\DEBUG\10_08.OBJ
C:\WORK\COOKBOOK\10_08\DEBUG\VC110.PDB
C:\WORK\COOKBOOK\DEBUG\10_08.ILK
C:\WORK\COOKBOOK\DEBUG\10_08.EXE
C:\WORK\COOKBOOK\DEBUG\10_08.PDB
C:\work\CookBook\10_08\Debug\10_08.obj
C:\work\CookBook\10_08\Debug\cl.command.1.tlog
C:\work\CookBook\10_08\Debug\CL.read.1.tlog
C:\work\CookBook\10_08\Debug\CL.write.1.tlog
C:\work\CookBook\10_08\Debug\link-cvtres.read.1.tlog
C:\work\CookBook\10_08\Debug\link-cvtres.write.1.tlog
C:\work\CookBook\10_08\Debug\link-rc.read.1.tlog
C:\work\CookBook\10_08\Debug\link-rc.write.1.tlog
C:\work\CookBook\10_08\Debug\link.command.1.tlog
C:\work\CookBook\10_08\Debug\link.read.1.tlog
C:\work\CookBook\10_08\Debug\link.write.1.tlog
C:\work\CookBook\10_08\Debug\vc110.idb
C:\work\CookBook\10_08\Debug\vc110.pdb
C:\work\CookBook\Debug\10_08.pdb
C:\work\CookBook\Debug\10_08.exe
C:\work\CookBook\Debug\10_08.ilk
