C:\WORK\COOKBOOK\07_05\DEBUG\07_05.OBJ
C:\WORK\COOKBOOK\07_05\DEBUG\VC110.PDB
C:\WORK\COOKBOOK\DEBUG\07_05.ILK
C:\WORK\COOKBOOK\DEBUG\07_05.EXE
C:\WORK\COOKBOOK\DEBUG\07_05.PDB
C:\work\CookBook\07_05\Debug\07_05.obj
C:\work\CookBook\07_05\Debug\cl.command.1.tlog
C:\work\CookBook\07_05\Debug\CL.read.1.tlog
C:\work\CookBook\07_05\Debug\CL.write.1.tlog
C:\work\CookBook\07_05\Debug\link-cvtres.read.1.tlog
C:\work\CookBook\07_05\Debug\link-cvtres.write.1.tlog
C:\work\CookBook\07_05\Debug\link-rc.read.1.tlog
C:\work\CookBook\07_05\Debug\link-rc.write.1.tlog
C:\work\CookBook\07_05\Debug\link.command.1.tlog
C:\work\CookBook\07_05\Debug\link.read.1.tlog
C:\work\CookBook\07_05\Debug\link.write.1.tlog
C:\work\CookBook\07_05\Debug\vc110.idb
C:\work\CookBook\07_05\Debug\vc110.pdb
C:\work\CookBook\Debug\07_05.pdb
C:\work\CookBook\Debug\07_05.exe
C:\work\CookBook\Debug\07_05.ilk
