C:\WORK\COOKBOOK\1_3\DEBUG\1_3.OBJ
C:\WORK\COOKBOOK\1_3\DEBUG\VC110.PDB
C:\WORK\COOKBOOK\DEBUG\1_3.ILK
C:\WORK\COOKBOOK\DEBUG\1_3.EXE
C:\WORK\COOKBOOK\DEBUG\1_3.PDB
C:\work\CookBook\1_3\Debug\1_3.obj
C:\work\CookBook\1_3\Debug\cl.command.1.tlog
C:\work\CookBook\1_3\Debug\CL.read.1.tlog
C:\work\CookBook\1_3\Debug\CL.write.1.tlog
C:\work\CookBook\1_3\Debug\link-cvtres.read.1.tlog
C:\work\CookBook\1_3\Debug\link-cvtres.write.1.tlog
C:\work\CookBook\1_3\Debug\link-rc.read.1.tlog
C:\work\CookBook\1_3\Debug\link-rc.write.1.tlog
C:\work\CookBook\1_3\Debug\link.command.1.tlog
C:\work\CookBook\1_3\Debug\link.read.1.tlog
C:\work\CookBook\1_3\Debug\link.write.1.tlog
C:\work\CookBook\1_3\Debug\vc110.idb
C:\work\CookBook\1_3\Debug\vc110.pdb
C:\work\CookBook\Debug\1_3.pdb
C:\work\CookBook\Debug\1_3.exe
C:\work\CookBook\Debug\1_3.ilk
