C:\WORK\COOKBOOK\3-13\DEBUG\3-13.OBJ
C:\WORK\COOKBOOK\3-13\DEBUG\VC110.PDB
C:\WORK\COOKBOOK\DEBUG\3_13.ILK
C:\WORK\COOKBOOK\DEBUG\3_13.EXE
C:\WORK\COOKBOOK\DEBUG\3_13.PDB
C:\Work\CookBook\3-13\Debug\3-13.obj
C:\Work\CookBook\3-13\Debug\cl.command.1.tlog
C:\Work\CookBook\3-13\Debug\CL.read.1.tlog
C:\Work\CookBook\3-13\Debug\CL.write.1.tlog
C:\Work\CookBook\3-13\Debug\link-cvtres.read.1.tlog
C:\Work\CookBook\3-13\Debug\link-cvtres.write.1.tlog
C:\Work\CookBook\3-13\Debug\link-rc.read.1.tlog
C:\Work\CookBook\3-13\Debug\link-rc.write.1.tlog
C:\Work\CookBook\3-13\Debug\link.command.1.tlog
C:\Work\CookBook\3-13\Debug\link.read.1.tlog
C:\Work\CookBook\3-13\Debug\link.write.1.tlog
C:\Work\CookBook\3-13\Debug\vc110.idb
C:\Work\CookBook\3-13\Debug\vc110.pdb
C:\Work\CookBook\Debug\3_13.pdb
C:\Work\CookBook\Debug\3_13.exe
C:\Work\CookBook\Debug\3_13.ilk
