C:\WORK\COOKBOOK\4_02\DEBUG\4_2.OBJ
C:\WORK\COOKBOOK\4_02\DEBUG\VC110.PDB
C:\WORK\COOKBOOK\DEBUG\4_02.ILK
C:\WORK\COOKBOOK\DEBUG\4_02.EXE
C:\WORK\COOKBOOK\DEBUG\4_02.PDB
C:\Work\CookBook\4_02\Debug\4_2.obj
C:\Work\CookBook\4_02\Debug\cl.command.1.tlog
C:\Work\CookBook\4_02\Debug\CL.read.1.tlog
C:\Work\CookBook\4_02\Debug\CL.write.1.tlog
C:\Work\CookBook\4_02\Debug\link-cvtres.read.1.tlog
C:\Work\CookBook\4_02\Debug\link-cvtres.write.1.tlog
C:\Work\CookBook\4_02\Debug\link-rc.read.1.tlog
C:\Work\CookBook\4_02\Debug\link-rc.write.1.tlog
C:\Work\CookBook\4_02\Debug\link.command.1.tlog
C:\Work\CookBook\4_02\Debug\link.read.1.tlog
C:\Work\CookBook\4_02\Debug\link.write.1.tlog
C:\Work\CookBook\4_02\Debug\vc110.idb
C:\Work\CookBook\4_02\Debug\vc110.pdb
C:\Work\CookBook\Debug\4_02.pdb
C:\Work\CookBook\Debug\4_02.exe
C:\Work\CookBook\Debug\4_02.ilk
