C:\WORK\COOKBOOK\3_05\DEBUG\3_5.OBJ
C:\WORK\COOKBOOK\3_05\DEBUG\VC110.PDB
C:\WORK\COOKBOOK\DEBUG\3_05.ILK
C:\WORK\COOKBOOK\DEBUG\3_05.EXE
C:\WORK\COOKBOOK\DEBUG\3_05.PDB
C:\Work\CookBook\3_05\Debug\3_5.obj
C:\Work\CookBook\3_05\Debug\cl.command.1.tlog
C:\Work\CookBook\3_05\Debug\CL.read.1.tlog
C:\Work\CookBook\3_05\Debug\CL.write.1.tlog
C:\Work\CookBook\3_05\Debug\link-cvtres.read.1.tlog
C:\Work\CookBook\3_05\Debug\link-cvtres.write.1.tlog
C:\Work\CookBook\3_05\Debug\link-rc.read.1.tlog
C:\Work\CookBook\3_05\Debug\link-rc.write.1.tlog
C:\Work\CookBook\3_05\Debug\link.command.1.tlog
C:\Work\CookBook\3_05\Debug\link.read.1.tlog
C:\Work\CookBook\3_05\Debug\link.write.1.tlog
C:\Work\CookBook\3_05\Debug\vc110.idb
C:\Work\CookBook\3_05\Debug\vc110.pdb
C:\Work\CookBook\Debug\3_05.pdb
C:\Work\CookBook\Debug\3_05.exe
C:\Work\CookBook\Debug\3_05.ilk
