C:\WORK\COOKBOOK\4_03\DEBUG\4_3.OBJ
C:\WORK\COOKBOOK\4_03\DEBUG\VC110.PDB
C:\WORK\COOKBOOK\DEBUG\4_03.ILK
C:\WORK\COOKBOOK\DEBUG\4_03.EXE
C:\WORK\COOKBOOK\DEBUG\4_03.PDB
C:\Work\CookBook\4_03\Debug\4_3.obj
C:\Work\CookBook\4_03\Debug\cl.command.1.tlog
C:\Work\CookBook\4_03\Debug\CL.read.1.tlog
C:\Work\CookBook\4_03\Debug\CL.write.1.tlog
C:\Work\CookBook\4_03\Debug\link-cvtres.read.1.tlog
C:\Work\CookBook\4_03\Debug\link-cvtres.write.1.tlog
C:\Work\CookBook\4_03\Debug\link-rc.read.1.tlog
C:\Work\CookBook\4_03\Debug\link-rc.write.1.tlog
C:\Work\CookBook\4_03\Debug\link.command.1.tlog
C:\Work\CookBook\4_03\Debug\link.read.1.tlog
C:\Work\CookBook\4_03\Debug\link.write.1.tlog
C:\Work\CookBook\4_03\Debug\vc110.idb
C:\Work\CookBook\4_03\Debug\vc110.pdb
C:\Work\CookBook\Debug\4_03.pdb
C:\Work\CookBook\Debug\4_03.exe
C:\Work\CookBook\Debug\4_03.ilk
