C:\WORK\COOKBOOK\08_09\DEBUG\08_09.OBJ
C:\WORK\COOKBOOK\08_09\DEBUG\VC110.PDB
C:\WORK\COOKBOOK\DEBUG\08_09.ILK
C:\WORK\COOKBOOK\DEBUG\08_09.EXE
C:\WORK\COOKBOOK\DEBUG\08_09.PDB
C:\work\CookBook\08_09\Debug\08_09.obj
C:\work\CookBook\08_09\Debug\cl.command.1.tlog
C:\work\CookBook\08_09\Debug\CL.read.1.tlog
C:\work\CookBook\08_09\Debug\CL.write.1.tlog
C:\work\CookBook\08_09\Debug\link-cvtres.read.1.tlog
C:\work\CookBook\08_09\Debug\link-cvtres.write.1.tlog
C:\work\CookBook\08_09\Debug\link-rc.read.1.tlog
C:\work\CookBook\08_09\Debug\link-rc.write.1.tlog
C:\work\CookBook\08_09\Debug\link.command.1.tlog
C:\work\CookBook\08_09\Debug\link.read.1.tlog
C:\work\CookBook\08_09\Debug\link.write.1.tlog
C:\work\CookBook\08_09\Debug\vc110.idb
C:\work\CookBook\08_09\Debug\vc110.pdb
C:\work\CookBook\Debug\08_09.pdb
C:\work\CookBook\Debug\08_09.exe
C:\work\CookBook\Debug\08_09.ilk
