C:\WORK\COOKBOOK\17_07\DEBUG\17_07.OBJ
C:\WORK\COOKBOOK\17_07\DEBUG\VC110.PDB
C:\WORK\COOKBOOK\DEBUG\17_07.ILK
C:\WORK\COOKBOOK\DEBUG\17_07.EXE
C:\WORK\COOKBOOK\DEBUG\17_07.PDB
C:\work\CookBook\17_07\Debug\17_07.obj
C:\work\CookBook\17_07\Debug\cl.command.1.tlog
C:\work\CookBook\17_07\Debug\CL.read.1.tlog
C:\work\CookBook\17_07\Debug\CL.write.1.tlog
C:\work\CookBook\17_07\Debug\link-cvtres.read.1.tlog
C:\work\CookBook\17_07\Debug\link-cvtres.write.1.tlog
C:\work\CookBook\17_07\Debug\link-rc.read.1.tlog
C:\work\CookBook\17_07\Debug\link-rc.write.1.tlog
C:\work\CookBook\17_07\Debug\link.command.1.tlog
C:\work\CookBook\17_07\Debug\link.read.1.tlog
C:\work\CookBook\17_07\Debug\link.write.1.tlog
C:\work\CookBook\17_07\Debug\vc110.idb
C:\work\CookBook\17_07\Debug\vc110.pdb
C:\work\CookBook\Debug\17_07.pdb
C:\work\CookBook\Debug\17_07.exe
C:\work\CookBook\Debug\17_07.ilk
