C:\WORK\COOKBOOK\02_23\DEBUG\02_23.OBJ
C:\WORK\COOKBOOK\02_23\DEBUG\VC110.PDB
C:\WORK\COOKBOOK\DEBUG\02_23.ILK
C:\WORK\COOKBOOK\DEBUG\02_23.EXE
C:\WORK\COOKBOOK\DEBUG\02_23.PDB
C:\work\CookBook\02_23\Debug\02_23.obj
C:\work\CookBook\02_23\Debug\cl.command.1.tlog
C:\work\CookBook\02_23\Debug\CL.read.1.tlog
C:\work\CookBook\02_23\Debug\CL.write.1.tlog
C:\work\CookBook\02_23\Debug\link-cvtres.read.1.tlog
C:\work\CookBook\02_23\Debug\link-cvtres.write.1.tlog
C:\work\CookBook\02_23\Debug\link-rc.read.1.tlog
C:\work\CookBook\02_23\Debug\link-rc.write.1.tlog
C:\work\CookBook\02_23\Debug\link.command.1.tlog
C:\work\CookBook\02_23\Debug\link.read.1.tlog
C:\work\CookBook\02_23\Debug\link.write.1.tlog
C:\work\CookBook\02_23\Debug\vc110.idb
C:\work\CookBook\02_23\Debug\vc110.pdb
C:\work\CookBook\Debug\02_23.pdb
C:\work\CookBook\Debug\02_23.exe
C:\work\CookBook\Debug\02_23.ilk
