C:\WORK\COOKBOOK\10_16\DEBUG\10_16.OBJ
C:\WORK\COOKBOOK\10_16\DEBUG\VC110.PDB
C:\WORK\COOKBOOK\DEBUG\10_16.ILK
C:\WORK\COOKBOOK\DEBUG\10_16.EXE
C:\WORK\COOKBOOK\DEBUG\10_16.PDB
C:\work\CookBook\10_16\Debug\10_16.obj
C:\work\CookBook\10_16\Debug\cl.command.1.tlog
C:\work\CookBook\10_16\Debug\CL.read.1.tlog
C:\work\CookBook\10_16\Debug\CL.write.1.tlog
C:\work\CookBook\10_16\Debug\link-cvtres.read.1.tlog
C:\work\CookBook\10_16\Debug\link-cvtres.write.1.tlog
C:\work\CookBook\10_16\Debug\link-rc.read.1.tlog
C:\work\CookBook\10_16\Debug\link-rc.write.1.tlog
C:\work\CookBook\10_16\Debug\link.command.1.tlog
C:\work\CookBook\10_16\Debug\link.read.1.tlog
C:\work\CookBook\10_16\Debug\link.write.1.tlog
C:\work\CookBook\10_16\Debug\vc110.idb
C:\work\CookBook\10_16\Debug\vc110.pdb
C:\work\CookBook\Debug\10_16.pdb
C:\work\CookBook\Debug\10_16.exe
C:\work\CookBook\Debug\10_16.ilk
