C:\WORK\COOKBOOK\3_14\DEBUG\VC110.PDB
C:\WORK\COOKBOOK\3_14\DEBUG\3_14.OBJ
C:\WORK\COOKBOOK\DEBUG\3_14.ILK
C:\WORK\COOKBOOK\DEBUG\3_14.EXE
C:\WORK\COOKBOOK\DEBUG\3_14.PDB
C:\Work\CookBook\3_14\Debug\3_14.obj
C:\Work\CookBook\3_14\Debug\cl.command.1.tlog
C:\Work\CookBook\3_14\Debug\CL.read.1.tlog
C:\Work\CookBook\3_14\Debug\CL.write.1.tlog
C:\Work\CookBook\3_14\Debug\link-cvtres.read.1.tlog
C:\Work\CookBook\3_14\Debug\link-cvtres.write.1.tlog
C:\Work\CookBook\3_14\Debug\link-rc.read.1.tlog
C:\Work\CookBook\3_14\Debug\link-rc.write.1.tlog
C:\Work\CookBook\3_14\Debug\link.command.1.tlog
C:\Work\CookBook\3_14\Debug\link.read.1.tlog
C:\Work\CookBook\3_14\Debug\link.write.1.tlog
C:\Work\CookBook\3_14\Debug\vc110.idb
C:\Work\CookBook\3_14\Debug\vc110.pdb
C:\Work\CookBook\Debug\3_14.pdb
C:\Work\CookBook\Debug\3_14.exe
C:\Work\CookBook\Debug\3_14.ilk
