C:\WORK\COOKBOOK\07_03\DEBUG\07_03.OBJ
C:\WORK\COOKBOOK\07_03\DEBUG\VC110.PDB
C:\WORK\COOKBOOK\DEBUG\07_03.ILK
C:\WORK\COOKBOOK\DEBUG\07_03.EXE
C:\WORK\COOKBOOK\DEBUG\07_03.PDB
C:\work\CookBook\07_03\Debug\07_03.obj
C:\work\CookBook\07_03\Debug\cl.command.1.tlog
C:\work\CookBook\07_03\Debug\CL.read.1.tlog
C:\work\CookBook\07_03\Debug\CL.write.1.tlog
C:\work\CookBook\07_03\Debug\link-cvtres.read.1.tlog
C:\work\CookBook\07_03\Debug\link-cvtres.write.1.tlog
C:\work\CookBook\07_03\Debug\link-rc.read.1.tlog
C:\work\CookBook\07_03\Debug\link-rc.write.1.tlog
C:\work\CookBook\07_03\Debug\link.command.1.tlog
C:\work\CookBook\07_03\Debug\link.read.1.tlog
C:\work\CookBook\07_03\Debug\link.write.1.tlog
C:\work\CookBook\07_03\Debug\vc110.idb
C:\work\CookBook\07_03\Debug\vc110.pdb
C:\work\CookBook\Debug\07_03.pdb
C:\work\CookBook\Debug\07_03.exe
C:\work\CookBook\Debug\07_03.ilk
