C:\WORK\COOKBOOK\3_16\DEBUG\3_16.OBJ
C:\WORK\COOKBOOK\3_16\DEBUG\VC110.PDB
C:\WORK\COOKBOOK\DEBUG\3_16.ILK
C:\WORK\COOKBOOK\DEBUG\3_16.EXE
C:\WORK\COOKBOOK\DEBUG\3_16.PDB
C:\Work\CookBook\3_16\Debug\3_16.obj
C:\Work\CookBook\3_16\Debug\cl.command.1.tlog
C:\Work\CookBook\3_16\Debug\CL.read.1.tlog
C:\Work\CookBook\3_16\Debug\CL.write.1.tlog
C:\Work\CookBook\3_16\Debug\link-cvtres.read.1.tlog
C:\Work\CookBook\3_16\Debug\link-cvtres.write.1.tlog
C:\Work\CookBook\3_16\Debug\link-rc.read.1.tlog
C:\Work\CookBook\3_16\Debug\link-rc.write.1.tlog
C:\Work\CookBook\3_16\Debug\link.command.1.tlog
C:\Work\CookBook\3_16\Debug\link.read.1.tlog
C:\Work\CookBook\3_16\Debug\link.write.1.tlog
C:\Work\CookBook\3_16\Debug\vc110.idb
C:\Work\CookBook\3_16\Debug\vc110.pdb
C:\Work\CookBook\Debug\3_16.pdb
C:\Work\CookBook\Debug\3_16.exe
C:\Work\CookBook\Debug\3_16.ilk
