C:\WORK\COOKBOOK\17_09\DEBUG\17_09.OBJ
C:\WORK\COOKBOOK\17_09\DEBUG\VC110.PDB
C:\WORK\COOKBOOK\DEBUG\17_09.ILK
C:\WORK\COOKBOOK\DEBUG\17_09.EXE
C:\WORK\COOKBOOK\DEBUG\17_09.PDB
C:\work\CookBook\17_09\Debug\17_09.obj
C:\work\CookBook\17_09\Debug\cl.command.1.tlog
C:\work\CookBook\17_09\Debug\CL.read.1.tlog
C:\work\CookBook\17_09\Debug\CL.write.1.tlog
C:\work\CookBook\17_09\Debug\link-cvtres.read.1.tlog
C:\work\CookBook\17_09\Debug\link-cvtres.write.1.tlog
C:\work\CookBook\17_09\Debug\link-rc.read.1.tlog
C:\work\CookBook\17_09\Debug\link-rc.write.1.tlog
C:\work\CookBook\17_09\Debug\link.command.1.tlog
C:\work\CookBook\17_09\Debug\link.read.1.tlog
C:\work\CookBook\17_09\Debug\link.write.1.tlog
C:\work\CookBook\17_09\Debug\vc110.idb
C:\work\CookBook\17_09\Debug\vc110.pdb
C:\work\CookBook\Debug\17_09.pdb
C:\work\CookBook\Debug\17_09.exe
C:\work\CookBook\Debug\17_09.ilk
