C:\WORK\COOKBOOK\02_15\DEBUG\02.OBJ
C:\WORK\COOKBOOK\02_15\DEBUG\VC110.PDB
C:\WORK\COOKBOOK\DEBUG\02_15.ILK
C:\WORK\COOKBOOK\DEBUG\02_15.EXE
C:\WORK\COOKBOOK\DEBUG\02_15.PDB
C:\work\CookBook\02_15\Debug\02.obj
C:\work\CookBook\02_15\Debug\cl.command.1.tlog
C:\work\CookBook\02_15\Debug\CL.read.1.tlog
C:\work\CookBook\02_15\Debug\CL.write.1.tlog
C:\work\CookBook\02_15\Debug\link-cvtres.read.1.tlog
C:\work\CookBook\02_15\Debug\link-cvtres.write.1.tlog
C:\work\CookBook\02_15\Debug\link-rc.read.1.tlog
C:\work\CookBook\02_15\Debug\link-rc.write.1.tlog
C:\work\CookBook\02_15\Debug\link.command.1.tlog
C:\work\CookBook\02_15\Debug\link.read.1.tlog
C:\work\CookBook\02_15\Debug\link.write.1.tlog
C:\work\CookBook\02_15\Debug\vc110.idb
C:\work\CookBook\02_15\Debug\vc110.pdb
C:\work\CookBook\Debug\02_15.pdb
C:\work\CookBook\Debug\02_15.exe
C:\work\CookBook\Debug\02_15.ilk
