C:\WORK\COOKBOOK\3_09\DEBUG\3_9.OBJ
C:\WORK\COOKBOOK\3_09\DEBUG\VC110.PDB
C:\WORK\COOKBOOK\DEBUG\3_09.ILK
C:\WORK\COOKBOOK\DEBUG\3_09.EXE
C:\WORK\COOKBOOK\DEBUG\3_09.PDB
C:\Work\CookBook\3_09\Debug\3_9.obj
C:\Work\CookBook\3_09\Debug\cl.command.1.tlog
C:\Work\CookBook\3_09\Debug\CL.read.1.tlog
C:\Work\CookBook\3_09\Debug\CL.write.1.tlog
C:\Work\CookBook\3_09\Debug\link-cvtres.read.1.tlog
C:\Work\CookBook\3_09\Debug\link-cvtres.write.1.tlog
C:\Work\CookBook\3_09\Debug\link-rc.read.1.tlog
C:\Work\CookBook\3_09\Debug\link-rc.write.1.tlog
C:\Work\CookBook\3_09\Debug\link.command.1.tlog
C:\Work\CookBook\3_09\Debug\link.read.1.tlog
C:\Work\CookBook\3_09\Debug\link.write.1.tlog
C:\Work\CookBook\3_09\Debug\vc110.idb
C:\Work\CookBook\3_09\Debug\vc110.pdb
C:\Work\CookBook\Debug\3_09.pdb
C:\Work\CookBook\Debug\3_09.exe
C:\Work\CookBook\Debug\3_09.ilk
