C:\WORK\COOKBOOK\02_20\DEBUG\02_20.OBJ
C:\WORK\COOKBOOK\02_20\DEBUG\VC110.PDB
C:\WORK\COOKBOOK\DEBUG\02_20.ILK
C:\WORK\COOKBOOK\DEBUG\02_20.EXE
C:\WORK\COOKBOOK\DEBUG\02_20.PDB
C:\work\CookBook\02_20\Debug\02_20.obj
C:\work\CookBook\02_20\Debug\cl.command.1.tlog
C:\work\CookBook\02_20\Debug\CL.read.1.tlog
C:\work\CookBook\02_20\Debug\CL.write.1.tlog
C:\work\CookBook\02_20\Debug\link-cvtres.read.1.tlog
C:\work\CookBook\02_20\Debug\link-cvtres.write.1.tlog
C:\work\CookBook\02_20\Debug\link-rc.read.1.tlog
C:\work\CookBook\02_20\Debug\link-rc.write.1.tlog
C:\work\CookBook\02_20\Debug\link.command.1.tlog
C:\work\CookBook\02_20\Debug\link.read.1.tlog
C:\work\CookBook\02_20\Debug\link.write.1.tlog
C:\work\CookBook\02_20\Debug\vc110.idb
C:\work\CookBook\02_20\Debug\vc110.pdb
C:\work\CookBook\Debug\02_20.pdb
C:\work\CookBook\Debug\02_20.exe
C:\work\CookBook\Debug\02_20.ilk
