C:\WORK\COOKBOOK\3_07\DEBUG\VC110.PDB
C:\WORK\COOKBOOK\3_07\DEBUG\3_7.OBJ
C:\WORK\COOKBOOK\DEBUG\3_07.ILK
C:\WORK\COOKBOOK\DEBUG\3_07.EXE
C:\WORK\COOKBOOK\DEBUG\3_07.PDB
C:\Work\CookBook\3_07\Debug\3_7.obj
C:\Work\CookBook\3_07\Debug\cl.command.1.tlog
C:\Work\CookBook\3_07\Debug\CL.read.1.tlog
C:\Work\CookBook\3_07\Debug\CL.write.1.tlog
C:\Work\CookBook\3_07\Debug\link-cvtres.read.1.tlog
C:\Work\CookBook\3_07\Debug\link-cvtres.write.1.tlog
C:\Work\CookBook\3_07\Debug\link-rc.read.1.tlog
C:\Work\CookBook\3_07\Debug\link-rc.write.1.tlog
C:\Work\CookBook\3_07\Debug\link.command.1.tlog
C:\Work\CookBook\3_07\Debug\link.read.1.tlog
C:\Work\CookBook\3_07\Debug\link.write.1.tlog
C:\Work\CookBook\3_07\Debug\vc110.idb
C:\Work\CookBook\3_07\Debug\vc110.pdb
C:\Work\CookBook\Debug\3_07.pdb
C:\Work\CookBook\Debug\3_07.exe
C:\Work\CookBook\Debug\3_07.ilk
