C:\WORK\COOKBOOK\FILE123\DEBUG\FILE1.OBJ
C:\WORK\COOKBOOK\FILE123\DEBUG\FILE2.OBJ
C:\WORK\COOKBOOK\FILE123\DEBUG\FILE3.OBJ
C:\WORK\COOKBOOK\FILE123\DEBUG\VC110.PDB
C:\WORK\COOKBOOK\DEBUG\FILE123.ILK
C:\WORK\COOKBOOK\DEBUG\FILE123.EXE
C:\WORK\COOKBOOK\DEBUG\FILE123.PDB
C:\work\CookBook\file123\Debug\file1.obj
C:\work\CookBook\file123\Debug\file2.obj
C:\work\CookBook\file123\Debug\file3.obj
C:\work\CookBook\file123\Debug\cl.command.1.tlog
C:\work\CookBook\file123\Debug\CL.read.1.tlog
C:\work\CookBook\file123\Debug\CL.write.1.tlog
C:\work\CookBook\file123\Debug\link-cvtres.read.1.tlog
C:\work\CookBook\file123\Debug\link-cvtres.write.1.tlog
C:\work\CookBook\file123\Debug\link-rc.read.1.tlog
C:\work\CookBook\file123\Debug\link-rc.write.1.tlog
C:\work\CookBook\file123\Debug\link.command.1.tlog
C:\work\CookBook\file123\Debug\link.read.1.tlog
C:\work\CookBook\file123\Debug\link.write.1.tlog
C:\work\CookBook\file123\Debug\vc110.idb
C:\work\CookBook\file123\Debug\vc110.pdb
C:\work\CookBook\Debug\file123.pdb
C:\work\CookBook\Debug\file123.exe
C:\work\CookBook\Debug\file123.ilk
