C:\WORK\COOKBOOK\16_13\DEBUG\16_13.OBJ
C:\WORK\COOKBOOK\16_13\DEBUG\VC110.PDB
C:\WORK\COOKBOOK\DEBUG\16_13.ILK
C:\WORK\COOKBOOK\DEBUG\16_13.EXE
C:\WORK\COOKBOOK\DEBUG\16_13.PDB
C:\work\CookBook\15_13\Debug\16_13.obj
C:\work\CookBook\15_13\Debug\cl.command.1.tlog
C:\work\CookBook\15_13\Debug\CL.read.1.tlog
C:\work\CookBook\15_13\Debug\CL.write.1.tlog
C:\work\CookBook\15_13\Debug\link-cvtres.read.1.tlog
C:\work\CookBook\15_13\Debug\link-cvtres.write.1.tlog
C:\work\CookBook\15_13\Debug\link-rc.read.1.tlog
C:\work\CookBook\15_13\Debug\link-rc.write.1.tlog
C:\work\CookBook\15_13\Debug\link.1044-cvtres.read.1.tlog
C:\work\CookBook\15_13\Debug\link.1044-cvtres.write.1.tlog
C:\work\CookBook\15_13\Debug\link.1044-rc.read.1.tlog
C:\work\CookBook\15_13\Debug\link.1044-rc.write.1.tlog
C:\work\CookBook\15_13\Debug\link.1044.read.1.tlog
C:\work\CookBook\15_13\Debug\link.1044.write.1.tlog
C:\work\CookBook\15_13\Debug\link.command.1.tlog
C:\work\CookBook\15_13\Debug\link.read.1.tlog
C:\work\CookBook\15_13\Debug\link.write.1.tlog
C:\work\CookBook\15_13\Debug\vc110.idb
