C:\WORK\COOKBOOK\16_04\DEBUG\16_4.OBJ
C:\WORK\COOKBOOK\16_04\DEBUG\VC110.PDB
C:\WORK\COOKBOOK\DEBUG\16_04.ILK
C:\WORK\COOKBOOK\DEBUG\16_04.EXE
C:\WORK\COOKBOOK\DEBUG\16_04.PDB
C:\work\CookBook\15_04\Debug\16_4.obj
C:\work\CookBook\15_04\Debug\cl.command.1.tlog
C:\work\CookBook\15_04\Debug\CL.read.1.tlog
C:\work\CookBook\15_04\Debug\CL.write.1.tlog
C:\work\CookBook\15_04\Debug\link-cvtres.read.1.tlog
C:\work\CookBook\15_04\Debug\link-cvtres.write.1.tlog
C:\work\CookBook\15_04\Debug\link-rc.read.1.tlog
C:\work\CookBook\15_04\Debug\link-rc.write.1.tlog
C:\work\CookBook\15_04\Debug\link.2636-cvtres.read.1.tlog
C:\work\CookBook\15_04\Debug\link.2636-cvtres.write.1.tlog
C:\work\CookBook\15_04\Debug\link.2636-rc.read.1.tlog
C:\work\CookBook\15_04\Debug\link.2636-rc.write.1.tlog
C:\work\CookBook\15_04\Debug\link.2636.read.1.tlog
C:\work\CookBook\15_04\Debug\link.2636.write.1.tlog
C:\work\CookBook\15_04\Debug\link.4220-cvtres.read.1.tlog
C:\work\CookBook\15_04\Debug\link.4220-cvtres.write.1.tlog
C:\work\CookBook\15_04\Debug\link.4220-rc.read.1.tlog
C:\work\CookBook\15_04\Debug\link.4220-rc.write.1.tlog
C:\work\CookBook\15_04\Debug\link.4220.read.1.tlog
C:\work\CookBook\15_04\Debug\link.4220.write.1.tlog
C:\work\CookBook\15_04\Debug\link.command.1.tlog
C:\work\CookBook\15_04\Debug\link.read.1.tlog
C:\work\CookBook\15_04\Debug\link.write.1.tlog
C:\work\CookBook\15_04\Debug\vc110.idb
