C:\WORK\COOKBOOK\16_12\DEBUG\16_12.OBJ
C:\WORK\COOKBOOK\16_12\DEBUG\VC110.PDB
C:\WORK\COOKBOOK\DEBUG\16_12.ILK
C:\WORK\COOKBOOK\DEBUG\16_12.EXE
C:\WORK\COOKBOOK\DEBUG\16_12.PDB
C:\work\CookBook\15_12\Debug\16_12.obj
C:\work\CookBook\15_12\Debug\cl.command.1.tlog
C:\work\CookBook\15_12\Debug\CL.read.1.tlog
C:\work\CookBook\15_12\Debug\CL.write.1.tlog
C:\work\CookBook\15_12\Debug\link-cvtres.read.1.tlog
C:\work\CookBook\15_12\Debug\link-cvtres.write.1.tlog
C:\work\CookBook\15_12\Debug\link-rc.read.1.tlog
C:\work\CookBook\15_12\Debug\link-rc.write.1.tlog
C:\work\CookBook\15_12\Debug\link.1748-cvtres.read.1.tlog
C:\work\CookBook\15_12\Debug\link.1748-cvtres.write.1.tlog
C:\work\CookBook\15_12\Debug\link.1748-rc.read.1.tlog
C:\work\CookBook\15_12\Debug\link.1748-rc.write.1.tlog
C:\work\CookBook\15_12\Debug\link.1748.read.1.tlog
C:\work\CookBook\15_12\Debug\link.1748.write.1.tlog
C:\work\CookBook\15_12\Debug\link.2080-cvtres.read.1.tlog
C:\work\CookBook\15_12\Debug\link.2080-cvtres.write.1.tlog
C:\work\CookBook\15_12\Debug\link.2080-rc.read.1.tlog
C:\work\CookBook\15_12\Debug\link.2080-rc.write.1.tlog
C:\work\CookBook\15_12\Debug\link.2080.read.1.tlog
C:\work\CookBook\15_12\Debug\link.2080.write.1.tlog
C:\work\CookBook\15_12\Debug\link.command.1.tlog
C:\work\CookBook\15_12\Debug\link.read.1.tlog
C:\work\CookBook\15_12\Debug\link.write.1.tlog
C:\work\CookBook\15_12\Debug\vc110.idb
