C:\WORK\COOKBOOK\06_11\DEBUG\06_11.OBJ
C:\WORK\COOKBOOK\06_11\DEBUG\VC110.PDB
C:\WORK\COOKBOOK\DEBUG\06_11.ILK
C:\WORK\COOKBOOK\DEBUG\06_11.EXE
C:\WORK\COOKBOOK\DEBUG\06_11.PDB
C:\work\CookBook\06_11\Debug\06_11.obj
C:\work\CookBook\06_11\Debug\cl.command.1.tlog
C:\work\CookBook\06_11\Debug\CL.read.1.tlog
C:\work\CookBook\06_11\Debug\CL.write.1.tlog
C:\work\CookBook\06_11\Debug\link-cvtres.read.1.tlog
C:\work\CookBook\06_11\Debug\link-cvtres.write.1.tlog
C:\work\CookBook\06_11\Debug\link-rc.read.1.tlog
C:\work\CookBook\06_11\Debug\link-rc.write.1.tlog
C:\work\CookBook\06_11\Debug\link.command.1.tlog
C:\work\CookBook\06_11\Debug\link.read.1.tlog
C:\work\CookBook\06_11\Debug\link.write.1.tlog
C:\work\CookBook\06_11\Debug\vc110.idb
C:\work\CookBook\06_11\Debug\vc110.pdb
C:\work\CookBook\Debug\06_11.pdb
C:\work\CookBook\Debug\06_11.exe
C:\work\CookBook\Debug\06_11.ilk
