C:\WORK\COOKBOOK\4_04\DEBUG\4_4.OBJ
C:\WORK\COOKBOOK\4_04\DEBUG\VC110.PDB
C:\WORK\COOKBOOK\DEBUG\4_04.ILK
C:\WORK\COOKBOOK\DEBUG\4_04.EXE
C:\WORK\COOKBOOK\DEBUG\4_04.PDB
C:\Work\CookBook\4_04\Debug\4_4.obj
C:\Work\CookBook\4_04\Debug\cl.command.1.tlog
C:\Work\CookBook\4_04\Debug\CL.read.1.tlog
C:\Work\CookBook\4_04\Debug\CL.write.1.tlog
C:\Work\CookBook\4_04\Debug\link-cvtres.read.1.tlog
C:\Work\CookBook\4_04\Debug\link-cvtres.write.1.tlog
C:\Work\CookBook\4_04\Debug\link-rc.read.1.tlog
C:\Work\CookBook\4_04\Debug\link-rc.write.1.tlog
C:\Work\CookBook\4_04\Debug\link.command.1.tlog
C:\Work\CookBook\4_04\Debug\link.read.1.tlog
C:\Work\CookBook\4_04\Debug\link.write.1.tlog
C:\Work\CookBook\4_04\Debug\vc110.idb
C:\Work\CookBook\4_04\Debug\vc110.pdb
C:\Work\CookBook\Debug\4_04.pdb
C:\Work\CookBook\Debug\4_04.exe
C:\Work\CookBook\Debug\4_04.ilk
