C:\WORK\COOKBOOK\16_16\DEBUG\16_16.OBJ
C:\WORK\COOKBOOK\16_16\DEBUG\VC110.PDB
C:\WORK\COOKBOOK\DEBUG\16_16.ILK
C:\WORK\COOKBOOK\DEBUG\16_16.EXE
C:\WORK\COOKBOOK\DEBUG\16_16.PDB
C:\work\CookBook\15_16\Debug\16_16.obj
C:\work\CookBook\15_16\Debug\cl.command.1.tlog
C:\work\CookBook\15_16\Debug\CL.read.1.tlog
C:\work\CookBook\15_16\Debug\CL.write.1.tlog
C:\work\CookBook\15_16\Debug\link-cvtres.read.1.tlog
C:\work\CookBook\15_16\Debug\link-cvtres.write.1.tlog
C:\work\CookBook\15_16\Debug\link-rc.read.1.tlog
C:\work\CookBook\15_16\Debug\link-rc.write.1.tlog
C:\work\CookBook\15_16\Debug\link.4172-cvtres.read.1.tlog
C:\work\CookBook\15_16\Debug\link.4172-cvtres.write.1.tlog
C:\work\CookBook\15_16\Debug\link.4172-rc.read.1.tlog
C:\work\CookBook\15_16\Debug\link.4172-rc.write.1.tlog
C:\work\CookBook\15_16\Debug\link.4172.read.1.tlog
C:\work\CookBook\15_16\Debug\link.4172.write.1.tlog
C:\work\CookBook\15_16\Debug\link.command.1.tlog
C:\work\CookBook\15_16\Debug\link.read.1.tlog
C:\work\CookBook\15_16\Debug\link.write.1.tlog
C:\work\CookBook\15_16\Debug\vc110.idb
C:\work\CookBook\15_16\Debug\vc110.pdb
