C:\WORK\COOKBOOK\16_11\DEBUG\16_11.OBJ
C:\WORK\COOKBOOK\16_11\DEBUG\VC110.PDB
C:\WORK\COOKBOOK\DEBUG\16_11.ILK
C:\WORK\COOKBOOK\DEBUG\16_11.EXE
C:\WORK\COOKBOOK\DEBUG\16_11.PDB
C:\work\CookBook\15_11\Debug\16_11.obj
C:\work\CookBook\15_11\Debug\cl.command.1.tlog
C:\work\CookBook\15_11\Debug\CL.read.1.tlog
C:\work\CookBook\15_11\Debug\CL.write.1.tlog
C:\work\CookBook\15_11\Debug\link-cvtres.read.1.tlog
C:\work\CookBook\15_11\Debug\link-cvtres.write.1.tlog
C:\work\CookBook\15_11\Debug\link-rc.read.1.tlog
C:\work\CookBook\15_11\Debug\link-rc.write.1.tlog
C:\work\CookBook\15_11\Debug\link.3376-cvtres.read.1.tlog
C:\work\CookBook\15_11\Debug\link.3376-cvtres.write.1.tlog
C:\work\CookBook\15_11\Debug\link.3376-rc.read.1.tlog
C:\work\CookBook\15_11\Debug\link.3376-rc.write.1.tlog
C:\work\CookBook\15_11\Debug\link.3376.read.1.tlog
C:\work\CookBook\15_11\Debug\link.3376.write.1.tlog
C:\work\CookBook\15_11\Debug\link.command.1.tlog
C:\work\CookBook\15_11\Debug\link.read.1.tlog
C:\work\CookBook\15_11\Debug\link.write.1.tlog
C:\work\CookBook\15_11\Debug\vc110.idb
