C:\WORK\COOKBOOK\06_01\DEBUG\06_01.OBJ
C:\WORK\COOKBOOK\06_01\DEBUG\VC110.PDB
C:\WORK\COOKBOOK\DEBUG\06_01.ILK
C:\WORK\COOKBOOK\DEBUG\06_01.EXE
C:\WORK\COOKBOOK\DEBUG\06_01.PDB
C:\work\CookBook\06_01\Debug\06_01.obj
C:\work\CookBook\06_01\Debug\cl.command.1.tlog
C:\work\CookBook\06_01\Debug\CL.read.1.tlog
C:\work\CookBook\06_01\Debug\CL.write.1.tlog
C:\work\CookBook\06_01\Debug\link-cvtres.read.1.tlog
C:\work\CookBook\06_01\Debug\link-cvtres.write.1.tlog
C:\work\CookBook\06_01\Debug\link-rc.read.1.tlog
C:\work\CookBook\06_01\Debug\link-rc.write.1.tlog
C:\work\CookBook\06_01\Debug\link.command.1.tlog
C:\work\CookBook\06_01\Debug\link.read.1.tlog
C:\work\CookBook\06_01\Debug\link.write.1.tlog
C:\work\CookBook\06_01\Debug\vc110.idb
C:\work\CookBook\06_01\Debug\vc110.pdb
C:\work\CookBook\Debug\06_01.pdb
C:\work\CookBook\Debug\06_01.exe
C:\work\CookBook\Debug\06_01.ilk
