C:\WORK\COOKBOOK\05_01\DEBUG\05_01.OBJ
C:\WORK\COOKBOOK\05_01\DEBUG\VC110.PDB
C:\WORK\COOKBOOK\DEBUG\05_01.ILK
C:\WORK\COOKBOOK\DEBUG\05_01.EXE
C:\WORK\COOKBOOK\DEBUG\05_01.PDB
C:\work\CookBook\05_01\Debug\05_01.obj
C:\work\CookBook\05_01\Debug\cl.command.1.tlog
C:\work\CookBook\05_01\Debug\CL.read.1.tlog
C:\work\CookBook\05_01\Debug\CL.write.1.tlog
C:\work\CookBook\05_01\Debug\link-cvtres.read.1.tlog
C:\work\CookBook\05_01\Debug\link-cvtres.write.1.tlog
C:\work\CookBook\05_01\Debug\link-rc.read.1.tlog
C:\work\CookBook\05_01\Debug\link-rc.write.1.tlog
C:\work\CookBook\05_01\Debug\link.command.1.tlog
C:\work\CookBook\05_01\Debug\link.read.1.tlog
C:\work\CookBook\05_01\Debug\link.write.1.tlog
C:\work\CookBook\05_01\Debug\vc110.idb
C:\work\CookBook\05_01\Debug\vc110.pdb
C:\work\CookBook\Debug\05_01.pdb
C:\work\CookBook\Debug\05_01.exe
C:\work\CookBook\Debug\05_01.ilk
