C:\WORK\COOKBOOK\10_15\DEBUG\10_15.OBJ
C:\WORK\COOKBOOK\10_15\DEBUG\VC110.PDB
C:\WORK\COOKBOOK\DEBUG\10_15.ILK
C:\WORK\COOKBOOK\DEBUG\10_15.EXE
C:\WORK\COOKBOOK\DEBUG\10_15.PDB
C:\work\CookBook\10_15\Debug\10_15.obj
C:\work\CookBook\10_15\Debug\cl.command.1.tlog
C:\work\CookBook\10_15\Debug\CL.read.1.tlog
C:\work\CookBook\10_15\Debug\CL.write.1.tlog
C:\work\CookBook\10_15\Debug\link-cvtres.read.1.tlog
C:\work\CookBook\10_15\Debug\link-cvtres.write.1.tlog
C:\work\CookBook\10_15\Debug\link-rc.read.1.tlog
C:\work\CookBook\10_15\Debug\link-rc.write.1.tlog
C:\work\CookBook\10_15\Debug\link.command.1.tlog
C:\work\CookBook\10_15\Debug\link.read.1.tlog
C:\work\CookBook\10_15\Debug\link.write.1.tlog
C:\work\CookBook\10_15\Debug\vc110.idb
C:\work\CookBook\10_15\Debug\vc110.pdb
C:\work\CookBook\Debug\10_15.pdb
C:\work\CookBook\Debug\10_15.exe
C:\work\CookBook\Debug\10_15.ilk
