C:\WORK\COOKBOOK\3_08\DEBUG\3_8.OBJ
C:\WORK\COOKBOOK\3_08\DEBUG\VC110.PDB
C:\WORK\COOKBOOK\DEBUG\3_08.ILK
C:\WORK\COOKBOOK\DEBUG\3_08.EXE
C:\WORK\COOKBOOK\DEBUG\3_08.PDB
C:\Work\CookBook\3_08\Debug\3_8.obj
C:\Work\CookBook\3_08\Debug\cl.command.1.tlog
C:\Work\CookBook\3_08\Debug\CL.read.1.tlog
C:\Work\CookBook\3_08\Debug\CL.write.1.tlog
C:\Work\CookBook\3_08\Debug\link-cvtres.read.1.tlog
C:\Work\CookBook\3_08\Debug\link-cvtres.write.1.tlog
C:\Work\CookBook\3_08\Debug\link-rc.read.1.tlog
C:\Work\CookBook\3_08\Debug\link-rc.write.1.tlog
C:\Work\CookBook\3_08\Debug\link.command.1.tlog
C:\Work\CookBook\3_08\Debug\link.read.1.tlog
C:\Work\CookBook\3_08\Debug\link.write.1.tlog
C:\Work\CookBook\3_08\Debug\vc110.idb
C:\Work\CookBook\3_08\Debug\vc110.pdb
C:\Work\CookBook\Debug\3_08.pdb
C:\Work\CookBook\Debug\3_08.exe
C:\Work\CookBook\Debug\3_08.ilk
