C:\WORK\COOKBOOK\10_12\DEBUG\10_12.OBJ
C:\WORK\COOKBOOK\10_12\DEBUG\VC110.PDB
C:\WORK\COOKBOOK\DEBUG\10_12.ILK
C:\WORK\COOKBOOK\DEBUG\10_12.EXE
C:\WORK\COOKBOOK\DEBUG\10_12.PDB
C:\work\CookBook\10_12\Debug\10_12.obj
C:\work\CookBook\10_12\Debug\cl.command.1.tlog
C:\work\CookBook\10_12\Debug\CL.read.1.tlog
C:\work\CookBook\10_12\Debug\CL.write.1.tlog
C:\work\CookBook\10_12\Debug\link-cvtres.read.1.tlog
C:\work\CookBook\10_12\Debug\link-cvtres.write.1.tlog
C:\work\CookBook\10_12\Debug\link-rc.read.1.tlog
C:\work\CookBook\10_12\Debug\link-rc.write.1.tlog
C:\work\CookBook\10_12\Debug\link.command.1.tlog
C:\work\CookBook\10_12\Debug\link.read.1.tlog
C:\work\CookBook\10_12\Debug\link.write.1.tlog
C:\work\CookBook\10_12\Debug\vc110.idb
C:\work\CookBook\10_12\Debug\vc110.pdb
C:\work\CookBook\Debug\10_12.pdb
C:\work\CookBook\Debug\10_12.exe
C:\work\CookBook\Debug\10_12.ilk
