C:\WORK\COOKBOOK\3_18\DEBUG\VC110.PDB
C:\WORK\COOKBOOK\3_18\DEBUG\3_18.OBJ
C:\WORK\COOKBOOK\DEBUG\3_18.ILK
C:\WORK\COOKBOOK\DEBUG\3_18.EXE
C:\WORK\COOKBOOK\DEBUG\3_18.PDB
C:\Work\CookBook\3_18\Debug\3_18.obj
C:\Work\CookBook\3_18\Debug\cl.command.1.tlog
C:\Work\CookBook\3_18\Debug\CL.read.1.tlog
C:\Work\CookBook\3_18\Debug\CL.write.1.tlog
C:\Work\CookBook\3_18\Debug\link-cvtres.read.1.tlog
C:\Work\CookBook\3_18\Debug\link-cvtres.write.1.tlog
C:\Work\CookBook\3_18\Debug\link-rc.read.1.tlog
C:\Work\CookBook\3_18\Debug\link-rc.write.1.tlog
C:\Work\CookBook\3_18\Debug\link.command.1.tlog
C:\Work\CookBook\3_18\Debug\link.read.1.tlog
C:\Work\CookBook\3_18\Debug\link.write.1.tlog
C:\Work\CookBook\3_18\Debug\vc110.idb
C:\Work\CookBook\3_18\Debug\vc110.pdb
C:\Work\CookBook\Debug\3_18.pdb
C:\Work\CookBook\Debug\3_18.exe
C:\Work\CookBook\Debug\3_18.ilk
