C:\WORK\COOKBOOK\03_15\DEBUG\03_15.OBJ
C:\WORK\COOKBOOK\03_15\DEBUG\VC110.PDB
C:\WORK\COOKBOOK\DEBUG\03_15.ILK
C:\WORK\COOKBOOK\DEBUG\03_15.EXE
C:\WORK\COOKBOOK\DEBUG\03_15.PDB
C:\work\CookBook\03_15\Debug\03_15.obj
C:\work\CookBook\03_15\Debug\cl.command.1.tlog
C:\work\CookBook\03_15\Debug\CL.read.1.tlog
C:\work\CookBook\03_15\Debug\CL.write.1.tlog
C:\work\CookBook\03_15\Debug\link-cvtres.read.1.tlog
C:\work\CookBook\03_15\Debug\link-cvtres.write.1.tlog
C:\work\CookBook\03_15\Debug\link-rc.read.1.tlog
C:\work\CookBook\03_15\Debug\link-rc.write.1.tlog
C:\work\CookBook\03_15\Debug\link.command.1.tlog
C:\work\CookBook\03_15\Debug\link.read.1.tlog
C:\work\CookBook\03_15\Debug\link.write.1.tlog
C:\work\CookBook\03_15\Debug\vc110.idb
C:\work\CookBook\03_15\Debug\vc110.pdb
C:\work\CookBook\Debug\03_15.pdb
C:\work\CookBook\Debug\03_15.exe
C:\work\CookBook\Debug\03_15.ilk
