C:\WORK\COOKBOOK\3_15\DEBUG\3_15.OBJ
C:\WORK\COOKBOOK\3_15\DEBUG\VC110.PDB
C:\WORK\COOKBOOK\DEBUG\3_15.ILK
C:\WORK\COOKBOOK\DEBUG\3_15.EXE
C:\WORK\COOKBOOK\DEBUG\3_15.PDB
C:\Work\CookBook\3_15\Debug\3_15.obj
C:\Work\CookBook\3_15\Debug\cl.command.1.tlog
C:\Work\CookBook\3_15\Debug\CL.read.1.tlog
C:\Work\CookBook\3_15\Debug\CL.write.1.tlog
C:\Work\CookBook\3_15\Debug\link-cvtres.read.1.tlog
C:\Work\CookBook\3_15\Debug\link-cvtres.write.1.tlog
C:\Work\CookBook\3_15\Debug\link-rc.read.1.tlog
C:\Work\CookBook\3_15\Debug\link-rc.write.1.tlog
C:\Work\CookBook\3_15\Debug\link.command.1.tlog
C:\Work\CookBook\3_15\Debug\link.read.1.tlog
C:\Work\CookBook\3_15\Debug\link.write.1.tlog
C:\Work\CookBook\3_15\Debug\vc110.idb
C:\Work\CookBook\3_15\Debug\vc110.pdb
C:\Work\CookBook\Debug\3_15.pdb
C:\Work\CookBook\Debug\3_15.exe
C:\Work\CookBook\Debug\3_15.ilk
