C:\WORK\COOKBOOK\3_17\DEBUG\3_17.OBJ
C:\WORK\COOKBOOK\3_17\DEBUG\VC110.PDB
C:\WORK\COOKBOOK\DEBUG\3_17.ILK
C:\WORK\COOKBOOK\DEBUG\3_17.EXE
C:\WORK\COOKBOOK\DEBUG\3_17.PDB
C:\Work\CookBook\3_17\Debug\3_17.obj
C:\Work\CookBook\3_17\Debug\cl.command.1.tlog
C:\Work\CookBook\3_17\Debug\CL.read.1.tlog
C:\Work\CookBook\3_17\Debug\CL.write.1.tlog
C:\Work\CookBook\3_17\Debug\link-cvtres.read.1.tlog
C:\Work\CookBook\3_17\Debug\link-cvtres.write.1.tlog
C:\Work\CookBook\3_17\Debug\link-rc.read.1.tlog
C:\Work\CookBook\3_17\Debug\link-rc.write.1.tlog
C:\Work\CookBook\3_17\Debug\link.command.1.tlog
C:\Work\CookBook\3_17\Debug\link.read.1.tlog
C:\Work\CookBook\3_17\Debug\link.write.1.tlog
C:\Work\CookBook\3_17\Debug\vc110.idb
C:\Work\CookBook\3_17\Debug\vc110.pdb
C:\Work\CookBook\Debug\3_17.pdb
C:\Work\CookBook\Debug\3_17.exe
C:\Work\CookBook\Debug\3_17.ilk
