C:\WORK\COOKBOOK\4_06\DEBUG\VC110.PDB
C:\WORK\COOKBOOK\4_06\DEBUG\4_6.OBJ
C:\WORK\COOKBOOK\DEBUG\4_06.ILK
C:\WORK\COOKBOOK\DEBUG\4_06.EXE
C:\WORK\COOKBOOK\DEBUG\4_06.PDB
C:\Work\CookBook\4_06\Debug\4_6.obj
C:\Work\CookBook\4_06\Debug\cl.command.1.tlog
C:\Work\CookBook\4_06\Debug\CL.read.1.tlog
C:\Work\CookBook\4_06\Debug\CL.write.1.tlog
C:\Work\CookBook\4_06\Debug\link-cvtres.read.1.tlog
C:\Work\CookBook\4_06\Debug\link-cvtres.write.1.tlog
C:\Work\CookBook\4_06\Debug\link-rc.read.1.tlog
C:\Work\CookBook\4_06\Debug\link-rc.write.1.tlog
C:\Work\CookBook\4_06\Debug\link.command.1.tlog
C:\Work\CookBook\4_06\Debug\link.read.1.tlog
C:\Work\CookBook\4_06\Debug\link.write.1.tlog
C:\Work\CookBook\4_06\Debug\vc110.idb
C:\Work\CookBook\4_06\Debug\vc110.pdb
C:\Work\CookBook\Debug\4_06.pdb
C:\Work\CookBook\Debug\4_06.exe
C:\Work\CookBook\Debug\4_06.ilk
