C:\WORK\COOKBOOK\15_24\DEBUG\15_24.OBJ
C:\WORK\COOKBOOK\15_24\DEBUG\VC110.PDB
C:\WORK\COOKBOOK\DEBUG\15_24.ILK
C:\WORK\COOKBOOK\DEBUG\15_24.EXE
C:\WORK\COOKBOOK\DEBUG\15_24.PDB
C:\work\CookBook\15_24\Debug\15_24.obj
C:\work\CookBook\15_24\Debug\cl.command.1.tlog
C:\work\CookBook\15_24\Debug\CL.read.1.tlog
C:\work\CookBook\15_24\Debug\CL.write.1.tlog
C:\work\CookBook\15_24\Debug\link-cvtres.read.1.tlog
C:\work\CookBook\15_24\Debug\link-cvtres.write.1.tlog
C:\work\CookBook\15_24\Debug\link-rc.read.1.tlog
C:\work\CookBook\15_24\Debug\link-rc.write.1.tlog
C:\work\CookBook\15_24\Debug\link.command.1.tlog
C:\work\CookBook\15_24\Debug\link.read.1.tlog
C:\work\CookBook\15_24\Debug\link.write.1.tlog
C:\work\CookBook\15_24\Debug\vc110.idb
C:\work\CookBook\15_24\Debug\vc110.pdb
C:\work\CookBook\Debug\15_24.pdb
C:\work\CookBook\Debug\15_24.exe
C:\work\CookBook\Debug\15_24.ilk
