C:\WORK\COOKBOOK\02_13\DEBUG\02_13.OBJ
C:\WORK\COOKBOOK\02_13\DEBUG\VC110.PDB
C:\WORK\COOKBOOK\DEBUG\02_13.ILK
C:\WORK\COOKBOOK\DEBUG\02_13.EXE
C:\WORK\COOKBOOK\DEBUG\02_13.PDB
C:\work\CookBook\02_13\Debug\02_13.obj
C:\work\CookBook\02_13\Debug\cl.command.1.tlog
C:\work\CookBook\02_13\Debug\CL.read.1.tlog
C:\work\CookBook\02_13\Debug\CL.write.1.tlog
C:\work\CookBook\02_13\Debug\link-cvtres.read.1.tlog
C:\work\CookBook\02_13\Debug\link-cvtres.write.1.tlog
C:\work\CookBook\02_13\Debug\link-rc.read.1.tlog
C:\work\CookBook\02_13\Debug\link-rc.write.1.tlog
C:\work\CookBook\02_13\Debug\link.command.1.tlog
C:\work\CookBook\02_13\Debug\link.read.1.tlog
C:\work\CookBook\02_13\Debug\link.write.1.tlog
C:\work\CookBook\02_13\Debug\vc110.idb
C:\work\CookBook\02_13\Debug\vc110.pdb
C:\work\CookBook\Debug\02_13.pdb
C:\work\CookBook\Debug\02_13.exe
C:\work\CookBook\Debug\02_13.ilk
