C:\WORK\COOKBOOK\MAINLINE\DEBUG\MAINLINE.OBJ
C:\WORK\COOKBOOK\MAINLINE\DEBUG\VC110.PDB
C:\WORK\COOKBOOK\DEBUG\MAINLINE.ILK
C:\WORK\COOKBOOK\DEBUG\MAINLINE.EXE
C:\WORK\COOKBOOK\DEBUG\MAINLINE.PDB
C:\work\CookBook\mainline\Debug\mainline.obj
C:\work\CookBook\mainline\Debug\cl.command.1.tlog
C:\work\CookBook\mainline\Debug\CL.read.1.tlog
C:\work\CookBook\mainline\Debug\CL.write.1.tlog
C:\work\CookBook\mainline\Debug\link-cvtres.read.1.tlog
C:\work\CookBook\mainline\Debug\link-cvtres.write.1.tlog
C:\work\CookBook\mainline\Debug\link-rc.read.1.tlog
C:\work\CookBook\mainline\Debug\link-rc.write.1.tlog
C:\work\CookBook\mainline\Debug\link.command.1.tlog
C:\work\CookBook\mainline\Debug\link.read.1.tlog
C:\work\CookBook\mainline\Debug\link.write.1.tlog
C:\work\CookBook\mainline\Debug\vc110.idb
C:\work\CookBook\mainline\Debug\vc110.pdb
C:\work\CookBook\Debug\mainline.pdb
C:\work\CookBook\Debug\mainline.exe
C:\work\CookBook\Debug\mainline.ilk
