C:\WORK\COOKBOOK\02_18\DEBUG\02_18.OBJ
C:\WORK\COOKBOOK\02_18\DEBUG\VC110.PDB
C:\WORK\COOKBOOK\DEBUG\02_18.ILK
C:\WORK\COOKBOOK\DEBUG\02_18.EXE
C:\WORK\COOKBOOK\DEBUG\02_18.PDB
C:\work\CookBook\02_18\Debug\02_18.obj
C:\work\CookBook\02_18\Debug\cl.command.1.tlog
C:\work\CookBook\02_18\Debug\CL.read.1.tlog
C:\work\CookBook\02_18\Debug\CL.write.1.tlog
C:\work\CookBook\02_18\Debug\link-cvtres.read.1.tlog
C:\work\CookBook\02_18\Debug\link-cvtres.write.1.tlog
C:\work\CookBook\02_18\Debug\link-rc.read.1.tlog
C:\work\CookBook\02_18\Debug\link-rc.write.1.tlog
C:\work\CookBook\02_18\Debug\link.command.1.tlog
C:\work\CookBook\02_18\Debug\link.read.1.tlog
C:\work\CookBook\02_18\Debug\link.write.1.tlog
C:\work\CookBook\02_18\Debug\vc110.idb
C:\work\CookBook\02_18\Debug\vc110.pdb
C:\work\CookBook\Debug\02_18.pdb
C:\work\CookBook\Debug\02_18.exe
C:\work\CookBook\Debug\02_18.ilk
