C:\WORK\COOKBOOK\3_11\DEBUG\3_11.OBJ
C:\WORK\COOKBOOK\3_11\DEBUG\VC110.PDB
C:\WORK\COOKBOOK\DEBUG\3_11.ILK
C:\WORK\COOKBOOK\DEBUG\3_11.EXE
C:\WORK\COOKBOOK\DEBUG\3_11.PDB
C:\Work\CookBook\3_11\Debug\3_11.obj
C:\Work\CookBook\3_11\Debug\cl.command.1.tlog
C:\Work\CookBook\3_11\Debug\CL.read.1.tlog
C:\Work\CookBook\3_11\Debug\CL.write.1.tlog
C:\Work\CookBook\3_11\Debug\link-cvtres.read.1.tlog
C:\Work\CookBook\3_11\Debug\link-cvtres.write.1.tlog
C:\Work\CookBook\3_11\Debug\link-rc.read.1.tlog
C:\Work\CookBook\3_11\Debug\link-rc.write.1.tlog
C:\Work\CookBook\3_11\Debug\link.command.1.tlog
C:\Work\CookBook\3_11\Debug\link.read.1.tlog
C:\Work\CookBook\3_11\Debug\link.write.1.tlog
C:\Work\CookBook\3_11\Debug\vc110.idb
C:\Work\CookBook\3_11\Debug\vc110.pdb
C:\Work\CookBook\Debug\3_11.pdb
C:\Work\CookBook\Debug\3_11.exe
C:\Work\CookBook\Debug\3_11.ilk
