C:\WORK\COOKBOOK\16_02\DEBUG\16_2.OBJ
C:\WORK\COOKBOOK\16_02\DEBUG\VC110.PDB
C:\WORK\COOKBOOK\DEBUG\16_02.ILK
C:\WORK\COOKBOOK\DEBUG\16_02.EXE
C:\WORK\COOKBOOK\DEBUG\16_02.PDB
C:\work\CookBook\15_02\Debug\16_2.obj
C:\work\CookBook\15_02\Debug\cl.command.1.tlog
C:\work\CookBook\15_02\Debug\CL.read.1.tlog
C:\work\CookBook\15_02\Debug\CL.write.1.tlog
C:\work\CookBook\15_02\Debug\link-cvtres.read.1.tlog
C:\work\CookBook\15_02\Debug\link-cvtres.write.1.tlog
C:\work\CookBook\15_02\Debug\link-rc.read.1.tlog
C:\work\CookBook\15_02\Debug\link-rc.write.1.tlog
C:\work\CookBook\15_02\Debug\link.2064-cvtres.read.1.tlog
C:\work\CookBook\15_02\Debug\link.2064-cvtres.write.1.tlog
C:\work\CookBook\15_02\Debug\link.2064-rc.read.1.tlog
C:\work\CookBook\15_02\Debug\link.2064-rc.write.1.tlog
C:\work\CookBook\15_02\Debug\link.2064.read.1.tlog
C:\work\CookBook\15_02\Debug\link.2064.write.1.tlog
C:\work\CookBook\15_02\Debug\link.command.1.tlog
C:\work\CookBook\15_02\Debug\link.read.1.tlog
C:\work\CookBook\15_02\Debug\link.write.1.tlog
C:\work\CookBook\15_02\Debug\vc110.idb
