C:\WORK\COOKBOOK\11_21\DEBUG\11_21.OBJ
C:\WORK\COOKBOOK\11_21\DEBUG\VC110.PDB
C:\WORK\COOKBOOK\DEBUG\11_21.ILK
C:\WORK\COOKBOOK\DEBUG\11_21.EXE
C:\WORK\COOKBOOK\DEBUG\11_21.PDB
C:\work\CookBook\11_21\Debug\11_21.obj
C:\work\CookBook\11_21\Debug\cl.command.1.tlog
C:\work\CookBook\11_21\Debug\CL.read.1.tlog
C:\work\CookBook\11_21\Debug\CL.write.1.tlog
C:\work\CookBook\11_21\Debug\link-cvtres.read.1.tlog
C:\work\CookBook\11_21\Debug\link-cvtres.write.1.tlog
C:\work\CookBook\11_21\Debug\link-rc.read.1.tlog
C:\work\CookBook\11_21\Debug\link-rc.write.1.tlog
C:\work\CookBook\11_21\Debug\link.command.1.tlog
C:\work\CookBook\11_21\Debug\link.read.1.tlog
C:\work\CookBook\11_21\Debug\link.write.1.tlog
C:\work\CookBook\11_21\Debug\vc110.idb
C:\work\CookBook\11_21\Debug\vc110.pdb
C:\work\CookBook\Debug\11_21.pdb
C:\work\CookBook\Debug\11_21.exe
C:\work\CookBook\Debug\11_21.ilk
