C:\WORK\COOKBOOK\03_19\DEBUG\03_19.OBJ
C:\WORK\COOKBOOK\03_19\DEBUG\VC110.PDB
C:\WORK\COOKBOOK\DEBUG\03_19.ILK
C:\WORK\COOKBOOK\DEBUG\03_19.EXE
C:\WORK\COOKBOOK\DEBUG\03_19.PDB
C:\work\CookBook\03_19\Debug\03_19.obj
C:\work\CookBook\03_19\Debug\cl.command.1.tlog
C:\work\CookBook\03_19\Debug\CL.read.1.tlog
C:\work\CookBook\03_19\Debug\CL.write.1.tlog
C:\work\CookBook\03_19\Debug\link-cvtres.read.1.tlog
C:\work\CookBook\03_19\Debug\link-cvtres.write.1.tlog
C:\work\CookBook\03_19\Debug\link-rc.read.1.tlog
C:\work\CookBook\03_19\Debug\link-rc.write.1.tlog
C:\work\CookBook\03_19\Debug\link.command.1.tlog
C:\work\CookBook\03_19\Debug\link.read.1.tlog
C:\work\CookBook\03_19\Debug\link.write.1.tlog
C:\work\CookBook\03_19\Debug\vc110.idb
C:\work\CookBook\03_19\Debug\vc110.pdb
C:\work\CookBook\Debug\03_19.pdb
C:\work\CookBook\Debug\03_19.exe
C:\work\CookBook\Debug\03_19.ilk
