C:\WORK\COOKBOOK\3_19\DEBUG\3_19.OBJ
C:\WORK\COOKBOOK\3_19\DEBUG\VC110.PDB
C:\WORK\COOKBOOK\DEBUG\3_19.ILK
C:\WORK\COOKBOOK\DEBUG\3_19.EXE
C:\WORK\COOKBOOK\DEBUG\3_19.PDB
C:\Work\CookBook\3_19\Debug\3_19.obj
C:\Work\CookBook\3_19\Debug\cl.command.1.tlog
C:\Work\CookBook\3_19\Debug\CL.read.1.tlog
C:\Work\CookBook\3_19\Debug\CL.write.1.tlog
C:\Work\CookBook\3_19\Debug\link-cvtres.read.1.tlog
C:\Work\CookBook\3_19\Debug\link-cvtres.write.1.tlog
C:\Work\CookBook\3_19\Debug\link-rc.read.1.tlog
C:\Work\CookBook\3_19\Debug\link-rc.write.1.tlog
C:\Work\CookBook\3_19\Debug\link.command.1.tlog
C:\Work\CookBook\3_19\Debug\link.read.1.tlog
C:\Work\CookBook\3_19\Debug\link.write.1.tlog
C:\Work\CookBook\3_19\Debug\vc110.idb
C:\Work\CookBook\3_19\Debug\vc110.pdb
C:\Work\CookBook\Debug\3_19.pdb
C:\Work\CookBook\Debug\3_19.exe
C:\Work\CookBook\Debug\3_19.ilk
