C:\WORK\COOKBOOK\3_1\DEBUG\3_1.OBJ
C:\WORK\COOKBOOK\3_1\DEBUG\VC110.PDB
C:\WORK\COOKBOOK\DEBUG\3_01.ILK
C:\WORK\COOKBOOK\DEBUG\3_01.EXE
C:\WORK\COOKBOOK\DEBUG\3_01.PDB
C:\Work\CookBook\3_1\Debug\3_1.obj
C:\Work\CookBook\3_1\Debug\cl.command.1.tlog
C:\Work\CookBook\3_1\Debug\CL.read.1.tlog
C:\Work\CookBook\3_1\Debug\CL.write.1.tlog
C:\Work\CookBook\3_1\Debug\link-cvtres.read.1.tlog
C:\Work\CookBook\3_1\Debug\link-cvtres.write.1.tlog
C:\Work\CookBook\3_1\Debug\link-rc.read.1.tlog
C:\Work\CookBook\3_1\Debug\link-rc.write.1.tlog
C:\Work\CookBook\3_1\Debug\link.command.1.tlog
C:\Work\CookBook\3_1\Debug\link.read.1.tlog
C:\Work\CookBook\3_1\Debug\link.write.1.tlog
C:\Work\CookBook\3_1\Debug\vc110.idb
C:\Work\CookBook\3_1\Debug\vc110.pdb
C:\Work\CookBook\Debug\3_01.pdb
C:\Work\CookBook\Debug\3_01.exe
C:\Work\CookBook\Debug\3_01.ilk
