C:\WORK\COOKBOOK\06_10\DEBUG\06_10.OBJ
C:\WORK\COOKBOOK\06_10\DEBUG\VC110.PDB
C:\WORK\COOKBOOK\DEBUG\06_10.ILK
C:\WORK\COOKBOOK\DEBUG\06_10.EXE
C:\WORK\COOKBOOK\DEBUG\06_10.PDB
C:\work\CookBook\06_10\Debug\06_10.obj
C:\work\CookBook\06_10\Debug\cl.command.1.tlog
C:\work\CookBook\06_10\Debug\CL.read.1.tlog
C:\work\CookBook\06_10\Debug\CL.write.1.tlog
C:\work\CookBook\06_10\Debug\link-cvtres.read.1.tlog
C:\work\CookBook\06_10\Debug\link-cvtres.write.1.tlog
C:\work\CookBook\06_10\Debug\link-rc.read.1.tlog
C:\work\CookBook\06_10\Debug\link-rc.write.1.tlog
C:\work\CookBook\06_10\Debug\link.command.1.tlog
C:\work\CookBook\06_10\Debug\link.read.1.tlog
C:\work\CookBook\06_10\Debug\link.write.1.tlog
C:\work\CookBook\06_10\Debug\vc110.idb
C:\work\CookBook\06_10\Debug\vc110.pdb
C:\work\CookBook\Debug\06_10.pdb
C:\work\CookBook\Debug\06_10.exe
C:\work\CookBook\Debug\06_10.ilk
