C:\WORK\COOKBOOK\06_04\DEBUG\06_04.OBJ
C:\WORK\COOKBOOK\06_04\DEBUG\VC110.PDB
C:\WORK\COOKBOOK\DEBUG\06_04.ILK
C:\WORK\COOKBOOK\DEBUG\06_04.EXE
C:\WORK\COOKBOOK\DEBUG\06_04.PDB
C:\work\CookBook\06_04\Debug\06_04.obj
C:\work\CookBook\06_04\Debug\cl.command.1.tlog
C:\work\CookBook\06_04\Debug\CL.read.1.tlog
C:\work\CookBook\06_04\Debug\CL.write.1.tlog
C:\work\CookBook\06_04\Debug\link-cvtres.read.1.tlog
C:\work\CookBook\06_04\Debug\link-cvtres.write.1.tlog
C:\work\CookBook\06_04\Debug\link-rc.read.1.tlog
C:\work\CookBook\06_04\Debug\link-rc.write.1.tlog
C:\work\CookBook\06_04\Debug\link.command.1.tlog
C:\work\CookBook\06_04\Debug\link.read.1.tlog
C:\work\CookBook\06_04\Debug\link.write.1.tlog
C:\work\CookBook\06_04\Debug\vc110.idb
C:\work\CookBook\06_04\Debug\vc110.pdb
C:\work\CookBook\Debug\06_04.pdb
C:\work\CookBook\Debug\06_04.exe
C:\work\CookBook\Debug\06_04.ilk
