C:\WORK\COOKBOOK\05_02\DEBUG\05_02.OBJ
C:\WORK\COOKBOOK\05_02\DEBUG\VC110.PDB
C:\WORK\COOKBOOK\DEBUG\05_02.ILK
C:\WORK\COOKBOOK\DEBUG\05_02.EXE
C:\WORK\COOKBOOK\DEBUG\05_02.PDB
C:\work\CookBook\05_02\Debug\05_02.obj
C:\work\CookBook\05_02\Debug\cl.command.1.tlog
C:\work\CookBook\05_02\Debug\CL.read.1.tlog
C:\work\CookBook\05_02\Debug\CL.write.1.tlog
C:\work\CookBook\05_02\Debug\link-cvtres.read.1.tlog
C:\work\CookBook\05_02\Debug\link-cvtres.write.1.tlog
C:\work\CookBook\05_02\Debug\link-rc.read.1.tlog
C:\work\CookBook\05_02\Debug\link-rc.write.1.tlog
C:\work\CookBook\05_02\Debug\link.command.1.tlog
C:\work\CookBook\05_02\Debug\link.read.1.tlog
C:\work\CookBook\05_02\Debug\link.write.1.tlog
C:\work\CookBook\05_02\Debug\vc110.idb
C:\work\CookBook\05_02\Debug\vc110.pdb
C:\work\CookBook\Debug\05_02.pdb
C:\work\CookBook\Debug\05_02.exe
C:\work\CookBook\Debug\05_02.ilk
