C:\WORK\COOKBOOK\02_14\DEBUG\02_14.OBJ
C:\WORK\COOKBOOK\02_14\DEBUG\VC110.PDB
C:\WORK\COOKBOOK\DEBUG\02_14.ILK
C:\WORK\COOKBOOK\DEBUG\02_14.EXE
C:\WORK\COOKBOOK\DEBUG\02_14.PDB
C:\work\CookBook\02_14\Debug\02_14.obj
C:\work\CookBook\02_14\Debug\cl.command.1.tlog
C:\work\CookBook\02_14\Debug\CL.read.1.tlog
C:\work\CookBook\02_14\Debug\CL.write.1.tlog
C:\work\CookBook\02_14\Debug\link-cvtres.read.1.tlog
C:\work\CookBook\02_14\Debug\link-cvtres.write.1.tlog
C:\work\CookBook\02_14\Debug\link-rc.read.1.tlog
C:\work\CookBook\02_14\Debug\link-rc.write.1.tlog
C:\work\CookBook\02_14\Debug\link.command.1.tlog
C:\work\CookBook\02_14\Debug\link.read.1.tlog
C:\work\CookBook\02_14\Debug\link.write.1.tlog
C:\work\CookBook\02_14\Debug\vc110.idb
C:\work\CookBook\02_14\Debug\vc110.pdb
C:\work\CookBook\Debug\02_14.pdb
C:\work\CookBook\Debug\02_14.exe
C:\work\CookBook\Debug\02_14.ilk
