C:\WORK\COOKBOOK\16_23\DEBUG\16_23.OBJ
C:\WORK\COOKBOOK\16_23\DEBUG\VC110.PDB
C:\WORK\COOKBOOK\DEBUG\16_23.ILK
C:\WORK\COOKBOOK\DEBUG\16_23.EXE
C:\WORK\COOKBOOK\DEBUG\16_23.PDB
C:\work\CookBook\15_23\Debug\16_23.obj
C:\work\CookBook\15_23\Debug\cl.command.1.tlog
C:\work\CookBook\15_23\Debug\CL.read.1.tlog
C:\work\CookBook\15_23\Debug\CL.write.1.tlog
C:\work\CookBook\15_23\Debug\link-cvtres.read.1.tlog
C:\work\CookBook\15_23\Debug\link-cvtres.write.1.tlog
C:\work\CookBook\15_23\Debug\link-rc.read.1.tlog
C:\work\CookBook\15_23\Debug\link-rc.write.1.tlog
C:\work\CookBook\15_23\Debug\link.2788-cvtres.read.1.tlog
C:\work\CookBook\15_23\Debug\link.2788-cvtres.write.1.tlog
C:\work\CookBook\15_23\Debug\link.2788-rc.read.1.tlog
C:\work\CookBook\15_23\Debug\link.2788-rc.write.1.tlog
C:\work\CookBook\15_23\Debug\link.2788.read.1.tlog
C:\work\CookBook\15_23\Debug\link.2788.write.1.tlog
C:\work\CookBook\15_23\Debug\link.4756-cvtres.read.1.tlog
C:\work\CookBook\15_23\Debug\link.4756-cvtres.write.1.tlog
C:\work\CookBook\15_23\Debug\link.4756-rc.read.1.tlog
C:\work\CookBook\15_23\Debug\link.4756-rc.write.1.tlog
C:\work\CookBook\15_23\Debug\link.4756.read.1.tlog
C:\work\CookBook\15_23\Debug\link.4756.write.1.tlog
C:\work\CookBook\15_23\Debug\link.command.1.tlog
C:\work\CookBook\15_23\Debug\link.read.1.tlog
C:\work\CookBook\15_23\Debug\link.write.1.tlog
C:\work\CookBook\15_23\Debug\vc110.idb
C:\work\CookBook\15_23\Debug\vc110.pdb
