C:\WORK\COOKBOOK\3-12\DEBUG\3-12.OBJ
C:\WORK\COOKBOOK\3-12\DEBUG\VC110.PDB
C:\WORK\COOKBOOK\DEBUG\3_12.ILK
C:\WORK\COOKBOOK\DEBUG\3_12.EXE
C:\WORK\COOKBOOK\DEBUG\3_12.PDB
C:\Work\CookBook\3-12\Debug\3-12.obj
C:\Work\CookBook\3-12\Debug\cl.command.1.tlog
C:\Work\CookBook\3-12\Debug\CL.read.1.tlog
C:\Work\CookBook\3-12\Debug\CL.write.1.tlog
C:\Work\CookBook\3-12\Debug\link-cvtres.read.1.tlog
C:\Work\CookBook\3-12\Debug\link-cvtres.write.1.tlog
C:\Work\CookBook\3-12\Debug\link-rc.read.1.tlog
C:\Work\CookBook\3-12\Debug\link-rc.write.1.tlog
C:\Work\CookBook\3-12\Debug\link.command.1.tlog
C:\Work\CookBook\3-12\Debug\link.read.1.tlog
C:\Work\CookBook\3-12\Debug\link.write.1.tlog
C:\Work\CookBook\3-12\Debug\vc110.idb
C:\Work\CookBook\3-12\Debug\vc110.pdb
C:\Work\CookBook\Debug\3_12.pdb
C:\Work\CookBook\Debug\3_12.exe
C:\Work\CookBook\Debug\3_12.ilk
